<?xml version="1.0" encoding="UTF-8"?>
<testsuite failures="0" errors="0" skipped="0" tests="1" time="11.599392" name="UHG Business Tab">
<testcase classname="UHG Business Tab" name="Verify UnitedHalthCare logo" time="11.599392">
  <system-out>
    <![CDATA[]]>
  </system-out>
  <system-err>
    <![CDATA[]]>
  </system-err>
</testcase>
</testsuite>
